<?xml version="1.0" encoding="UTF-8"?>
<!-- Generated by org.testng.reporters.JUnitXMLReporter -->
<testsuite ignored="6" hostname="DESKTOP-CG41JSG" failures="0" tests="6" name="Product Search Tests" time="114.147" errors="0" timestamp="2024-09-12T15:18:24 IST">
  <testcase classname="com.starquick.test.starquickaddcartjourney" name="Milksearchproduct" time="60.931"/>
  <testcase classname="com.starquick.test.starquickaddcartjourney" name="Rusksearchproduct" time="69.408"/>
  <testcase classname="com.starquick.test.starquickaddcartjourney" name="Rusksearchproduct" time="81.678"/>
  <testcase classname="com.starquick.test.starquickaddcartjourney" name="Milksearchproduct" time="82.05"/>
  <testcase classname="com.starquick.test.starquickaddcartjourney" name="Rusksearchproduct" time="87.008"/>
  <testcase classname="com.starquick.test.starquickaddcartjourney" name="Milksearchproduct" time="83.984"/>
  <testcase classname="com.starquick.test.starquickaddcartjourney" name="softdrink" time="0.0">
    <ignored/>
  </testcase> <!-- softdrink -->
  <testcase classname="com.starquick.test.starquickaddcartjourney" name="detergentsearchproduct" time="0.0">
    <ignored/>
  </testcase> <!-- detergentsearchproduct -->
  <testcase classname="com.starquick.test.starquickaddcartjourney" name="searchcookoil" time="0.0">
    <ignored/>
  </testcase> <!-- searchcookoil -->
  <testcase classname="com.starquick.test.starquickaddcartjourney" name="Onionsearchproduct" time="0.0">
    <ignored/>
  </testcase> <!-- Onionsearchproduct -->
  <testcase classname="com.starquick.test.starquickaddcartjourney" name="atta" time="0.0">
    <ignored/>
  </testcase> <!-- atta -->
  <testcase classname="com.starquick.test.starquickaddcartjourney" name="Tata_Agni_Leaf_Tea_Pouch" time="0.0">
    <ignored/>
  </testcase> <!-- Tata_Agni_Leaf_Tea_Pouch -->
</testsuite> <!-- Product Search Tests -->
