<?xml version="1.0" encoding="UTF-8"?>
<!-- Generated by org.testng.reporters.JUnitXMLReporter -->
<testsuite ignored="0" hostname="DESKTOP-CG41JSG" failures="0" tests="18" name="Test" time="86.492" errors="0" timestamp="2024-05-25T15:34:23 IST">
  <testcase classname="com.starquick.test.BaseTest" name="@BeforeMethod setUp" time="39.766">
    <failure type="org.openqa.selenium.SessionNotCreatedException" message="Could not start a new session. Response code 500. Message: New session attempts retry count exceeded 
Host info: host: &amp;apos;DESKTOP-CG41JSG&amp;apos;, ip: &amp;apos;192.168.0.102&amp;apos;
Build info: version: &amp;apos;4.20.0&amp;apos;, revision: &amp;apos;866c76ca80&amp;apos;
System info: os.name: &amp;apos;Windows 10&amp;apos;, os.arch: &amp;apos;amd64&amp;apos;, os.version: &amp;apos;10.0&amp;apos;, java.version: &amp;apos;17.0.10&amp;apos;
Driver info: org.openqa.selenium.remote.RemoteWebDriver
Command: [null, newSession {capabilities=[Capabilities {acceptInsecureCerts: true, browserName: firefox, moz:debuggerAddress: true, moz:firefoxOptions: {}, selenoid:options: {enableVNC: true, enableVideo: true, env: [TZ=UTC], labels: {manual: false}, name: Selenoid FireFox, sessionTimeout: 15m}}]}]
Capabilities {acceptInsecureCerts: true, browserName: firefox, moz:debuggerAddress: true, moz:firefoxOptions: {}, selenoid:options: {enableVNC: true, enableVideo: true, env: [TZ=UTC], labels: {manual: false}, name: Selenoid FireFox, sessionTimeout: 15m}}">
      <![CDATA[org.openqa.selenium.SessionNotCreatedException: Could not start a new session. Response code 500. Message: New session attempts retry count exceeded 
Host info: host: 'DESKTOP-CG41JSG', ip: '192.168.0.102'
Build info: version: '4.20.0', revision: '866c76ca80'
System info: os.name: 'Windows 10', os.arch: 'amd64', os.version: '10.0', java.version: '17.0.10'
Driver info: org.openqa.selenium.remote.RemoteWebDriver
Command: [null, newSession {capabilities=[Capabilities {acceptInsecureCerts: true, browserName: firefox, moz:debuggerAddress: true, moz:firefoxOptions: {}, selenoid:options: {enableVNC: true, enableVideo: true, env: [TZ=UTC], labels: {manual: false}, name: Selenoid FireFox, sessionTimeout: 15m}}]}]
Capabilities {acceptInsecureCerts: true, browserName: firefox, moz:debuggerAddress: true, moz:firefoxOptions: {}, selenoid:options: {enableVNC: true, enableVideo: true, env: [TZ=UTC], labels: {manual: false}, name: Selenoid FireFox, sessionTimeout: 15m}}
at org.openqa.selenium.remote.ProtocolHandshake.createSession(ProtocolHandshake.java:114)
at org.openqa.selenium.remote.ProtocolHandshake.createSession(ProtocolHandshake.java:75)
at org.openqa.selenium.remote.ProtocolHandshake.createSession(ProtocolHandshake.java:61)
at org.openqa.selenium.remote.HttpCommandExecutor.execute(HttpCommandExecutor.java:162)
at org.openqa.selenium.remote.TracedCommandExecutor.execute(TracedCommandExecutor.java:51)
at org.openqa.selenium.remote.RemoteWebDriver.execute(RemoteWebDriver.java:518)
at org.openqa.selenium.remote.RemoteWebDriver.startSession(RemoteWebDriver.java:232)
at org.openqa.selenium.remote.RemoteWebDriver.<init>(RemoteWebDriver.java:161)
at org.openqa.selenium.remote.RemoteWebDriver.<init>(RemoteWebDriver.java:141)
at com.starquick.manager.DriverFactory.getDriver(DriverFactory.java:81)
at com.starquick.manager.Driver.initDriver(Driver.java:19)
at com.starquick.test.BaseTest.setUp(BaseTest.java:20)
at java.base/java.util.concurrent.ThreadPoolExecutor.runWorker(ThreadPoolExecutor.java:1136)
at java.base/java.util.concurrent.ThreadPoolExecutor$Worker.run(ThreadPoolExecutor.java:635)
at java.base/java.lang.Thread.run(Thread.java:842)
... Removed 13 stack frames]]>
    </failure>
  </testcase> <!-- @BeforeMethod setUp -->
  <testcase classname="com.starquick.test.BaseTest" name="@BeforeMethod setUp" time="0.0">
    <skipped/>
  </testcase> <!-- @BeforeMethod setUp -->
  <testcase classname="com.starquick.test.BaseTest" name="@BeforeMethod setUp" time="0.0">
    <skipped/>
  </testcase> <!-- @BeforeMethod setUp -->
  <testcase classname="com.starquick.test.BaseTest" name="@BeforeMethod setUp" time="0.0">
    <skipped/>
  </testcase> <!-- @BeforeMethod setUp -->
  <testcase classname="com.starquick.test.BaseTest" name="@BeforeMethod setUp" time="0.0">
    <skipped/>
  </testcase> <!-- @BeforeMethod setUp -->
  <testcase classname="com.starquick.test.BaseTest" name="@BeforeMethod setUp" time="0.0">
    <skipped/>
  </testcase> <!-- @BeforeMethod setUp -->
  <testcase classname="com.starquick.test.BaseTest" name="@BeforeMethod setUp" time="0.0">
    <skipped/>
  </testcase> <!-- @BeforeMethod setUp -->
  <testcase classname="com.starquick.test.BaseTest" name="@BeforeMethod setUp" time="0.0">
    <skipped/>
  </testcase> <!-- @BeforeMethod setUp -->
  <testcase classname="com.starquick.test.OrangeHRMTests" name="loginlogout" time="11.401"/>
  <testcase classname="com.starquick.test.OrangeHRMTests" name="loginlogout" time="11.328"/>
  <testcase classname="com.starquick.test.OrangeHRMTests" name="loginlogout" time="22.609"/>
  <testcase classname="com.starquick.test.OrangeHRMTests" name="loginlogout" time="24.971"/>
  <testcase classname="com.starquick.test.OrangeHRMTests" name="loginlogout" time="16.82"/>
  <testcase classname="com.starquick.test.OrangeHRMTests" name="loginlogout" time="25.538"/>
  <testcase classname="com.starquick.test.OrangeHRMTests" name="loginlogout" time="0.0">
    <skipped/>
  </testcase> <!-- loginlogout -->
  <testcase classname="com.starquick.test.OrangeHRMTests" name="loginlogout" time="0.0">
    <skipped/>
  </testcase> <!-- loginlogout -->
  <testcase classname="com.starquick.test.OrangeHRMTests" name="loginlogout" time="0.0">
    <skipped/>
  </testcase> <!-- loginlogout -->
  <testcase classname="com.starquick.test.OrangeHRMTests" name="loginlogout" time="0.0">
    <skipped/>
  </testcase> <!-- loginlogout -->
  <testcase classname="com.starquick.test.OrangeHRMTests" name="loginlogout" time="0.0">
    <skipped/>
  </testcase> <!-- loginlogout -->
  <testcase classname="com.starquick.test.OrangeHRMTests" name="loginlogout" time="0.0">
    <skipped/>
  </testcase> <!-- loginlogout -->
  <testcase classname="com.starquick.test.OrangeHRMTests" name="loginlogout" time="0.0">
    <skipped/>
  </testcase> <!-- loginlogout -->
  <testcase classname="com.starquick.test.OrangeHRMTests" name="loginlogout" time="0.0">
    <skipped/>
  </testcase> <!-- loginlogout -->
  <testcase classname="com.starquick.test.OrangeHRMTests" name="loginlogout" time="28.32"/>
  <testcase classname="com.starquick.test.OrangeHRMTests" name="loginlogout" time="0.0">
    <skipped/>
  </testcase> <!-- loginlogout -->
  <testcase classname="com.starquick.test.OrangeHRMTests" name="loginlogout" time="0.0">
    <skipped/>
  </testcase> <!-- loginlogout -->
  <testcase classname="com.starquick.test.OrangeHRMTests" name="loginlogout" time="0.0">
    <skipped/>
  </testcase> <!-- loginlogout -->
</testsuite> <!-- Test -->
