<?xml version="1.0" encoding="UTF-8"?>
<testng-results ignored="0" total="6" passed="6" failed="0" skipped="0">
  <reporter-output>
  </reporter-output>
  <suite started-at="2024-09-12T15:16:08 IST" name="Suite" finished-at="2024-09-12T15:18:02 IST" duration-ms="114147">
    <groups>
    </groups>
    <test started-at="2024-09-12T15:16:08 IST" name="Product Search Tests" finished-at="2024-09-12T15:18:02 IST" duration-ms="114147">
      <class name="com.starquick.test.starquickaddcartjourney">
        <test-method is-config="true" signature="setUp([Ljava.lang.Object;)[pri:0, instance:com.starquick.test.starquickaddcartjourney@47af7f3d]" started-at="2024-09-12T15:16:09 IST" name="setUp" finished-at="2024-09-12T15:16:33 IST" duration-ms="23355" status="PASS">
          <params>
            <param index="0">
              <value>
                <![CDATA[[Ljava.lang.Object;@698122b2]]>
              </value>
            </param>
          </params>
          <reporter-output>
          </reporter-output>
        </test-method> <!-- setUp -->
        <test-method is-config="true" signature="setUp([Ljava.lang.Object;)[pri:0, instance:com.starquick.test.starquickaddcartjourney@47af7f3d]" started-at="2024-09-12T15:16:09 IST" name="setUp" finished-at="2024-09-12T15:16:29 IST" duration-ms="19970" status="PASS">
          <params>
            <param index="0">
              <value>
                <![CDATA[[Ljava.lang.Object;@4212a0c8]]>
              </value>
            </param>
          </params>
          <reporter-output>
          </reporter-output>
        </test-method> <!-- setUp -->
        <test-method is-config="true" signature="setUp([Ljava.lang.Object;)[pri:0, instance:com.starquick.test.starquickaddcartjourney@47af7f3d]" started-at="2024-09-12T15:16:09 IST" name="setUp" finished-at="2024-09-12T15:16:38 IST" duration-ms="28580" status="PASS">
          <params>
            <param index="0">
              <value>
                <![CDATA[[Ljava.lang.Object;@1e7aa82b]]>
              </value>
            </param>
          </params>
          <reporter-output>
          </reporter-output>
        </test-method> <!-- setUp -->
        <test-method is-config="true" signature="setUp([Ljava.lang.Object;)[pri:0, instance:com.starquick.test.starquickaddcartjourney@47af7f3d]" started-at="2024-09-12T15:16:09 IST" name="setUp" finished-at="2024-09-12T15:16:41 IST" duration-ms="31129" status="PASS">
          <params>
            <param index="0">
              <value>
                <![CDATA[[Ljava.lang.Object;@3b2c0e88]]>
              </value>
            </param>
          </params>
          <reporter-output>
          </reporter-output>
        </test-method> <!-- setUp -->
        <test-method is-config="true" signature="setUp([Ljava.lang.Object;)[pri:0, instance:com.starquick.test.starquickaddcartjourney@47af7f3d]" started-at="2024-09-12T15:16:09 IST" name="setUp" finished-at="2024-09-12T15:16:30 IST" duration-ms="20249" status="PASS">
          <params>
            <param index="0">
              <value>
                <![CDATA[[Ljava.lang.Object;@5bd82fed]]>
              </value>
            </param>
          </params>
          <reporter-output>
          </reporter-output>
        </test-method> <!-- setUp -->
        <test-method is-config="true" signature="setUp([Ljava.lang.Object;)[pri:0, instance:com.starquick.test.starquickaddcartjourney@47af7f3d]" started-at="2024-09-12T15:16:09 IST" name="setUp" finished-at="2024-09-12T15:16:36 IST" duration-ms="26964" status="PASS">
          <params>
            <param index="0">
              <value>
                <![CDATA[[Ljava.lang.Object;@c1bd0be]]>
              </value>
            </param>
          </params>
          <reporter-output>
          </reporter-output>
        </test-method> <!-- setUp -->
        <test-method signature="Rusksearchproduct(java.util.HashMap)[pri:0, instance:com.starquick.test.starquickaddcartjourney@47af7f3d]" started-at="2024-09-12T15:16:29 IST" name="Rusksearchproduct" data-provider="getData" finished-at="2024-09-12T15:17:51 IST" duration-ms="81678" status="PASS">
          <params>
            <param index="0">
              <value>
                <![CDATA[{product=Rusk, testname=Rusksearchproduct, SecondProduct=Britania Rusk, execute=Yes, browser=Chrome}]]>
              </value>
            </param>
          </params>
          <reporter-output>
          </reporter-output>
        </test-method> <!-- Rusksearchproduct -->
        <test-method signature="Milksearchproduct(java.util.HashMap)[pri:0, instance:com.starquick.test.starquickaddcartjourney@47af7f3d]" started-at="2024-09-12T15:16:30 IST" name="Milksearchproduct" data-provider="getData" finished-at="2024-09-12T15:17:52 IST" duration-ms="82050" status="PASS">
          <params>
            <param index="0">
              <value>
                <![CDATA[{product=Milk, testname=Milksearchproduct, SecondProduct=Amul Masti Dahi Pouch, execute=Yes, browser=Chrome}]]>
              </value>
            </param>
          </params>
          <reporter-output>
          </reporter-output>
        </test-method> <!-- Milksearchproduct -->
        <test-method signature="Rusksearchproduct(java.util.HashMap)[pri:0, instance:com.starquick.test.starquickaddcartjourney@47af7f3d]" started-at="2024-09-12T15:16:33 IST" name="Rusksearchproduct" data-provider="getData" finished-at="2024-09-12T15:18:00 IST" duration-ms="87008" status="PASS">
          <params>
            <param index="0">
              <value>
                <![CDATA[{product=Rusk, testname=Rusksearchproduct, SecondProduct=Britania Rusk, execute=Yes, browser=Edge}]]>
              </value>
            </param>
          </params>
          <reporter-output>
          </reporter-output>
        </test-method> <!-- Rusksearchproduct -->
        <test-method signature="Milksearchproduct(java.util.HashMap)[pri:0, instance:com.starquick.test.starquickaddcartjourney@47af7f3d]" started-at="2024-09-12T15:16:36 IST" name="Milksearchproduct" data-provider="getData" finished-at="2024-09-12T15:18:00 IST" duration-ms="83984" status="PASS">
          <params>
            <param index="0">
              <value>
                <![CDATA[{product=Milk, testname=Milksearchproduct, SecondProduct=Amul Masti Dahi Pouch, execute=Yes, browser=Edge}]]>
              </value>
            </param>
          </params>
          <reporter-output>
          </reporter-output>
        </test-method> <!-- Milksearchproduct -->
        <test-method signature="Rusksearchproduct(java.util.HashMap)[pri:0, instance:com.starquick.test.starquickaddcartjourney@47af7f3d]" started-at="2024-09-12T15:16:38 IST" name="Rusksearchproduct" data-provider="getData" finished-at="2024-09-12T15:17:47 IST" duration-ms="69408" status="PASS">
          <params>
            <param index="0">
              <value>
                <![CDATA[{product=Rusk, testname=Rusksearchproduct, SecondProduct=Britania Rusk, execute=Yes, browser=FireFox}]]>
              </value>
            </param>
          </params>
          <reporter-output>
          </reporter-output>
        </test-method> <!-- Rusksearchproduct -->
        <test-method signature="Milksearchproduct(java.util.HashMap)[pri:0, instance:com.starquick.test.starquickaddcartjourney@47af7f3d]" started-at="2024-09-12T15:16:41 IST" name="Milksearchproduct" data-provider="getData" finished-at="2024-09-12T15:17:41 IST" duration-ms="60931" status="PASS">
          <params>
            <param index="0">
              <value>
                <![CDATA[{product=Milk, testname=Milksearchproduct, SecondProduct=Amul Masti Dahi Pouch, execute=Yes, browser=FireFox}]]>
              </value>
            </param>
          </params>
          <reporter-output>
          </reporter-output>
        </test-method> <!-- Milksearchproduct -->
        <test-method is-config="true" signature="tearDown()[pri:0, instance:com.starquick.test.starquickaddcartjourney@47af7f3d]" started-at="2024-09-12T15:17:42 IST" name="tearDown" finished-at="2024-09-12T15:17:43 IST" duration-ms="1395" status="PASS">
          <reporter-output>
          </reporter-output>
        </test-method> <!-- tearDown -->
        <test-method is-config="true" signature="tearDown()[pri:0, instance:com.starquick.test.starquickaddcartjourney@47af7f3d]" started-at="2024-09-12T15:17:47 IST" name="tearDown" finished-at="2024-09-12T15:17:49 IST" duration-ms="1130" status="PASS">
          <reporter-output>
          </reporter-output>
        </test-method> <!-- tearDown -->
        <test-method is-config="true" signature="tearDown()[pri:0, instance:com.starquick.test.starquickaddcartjourney@47af7f3d]" started-at="2024-09-12T15:17:51 IST" name="tearDown" finished-at="2024-09-12T15:17:51 IST" duration-ms="142" status="PASS">
          <reporter-output>
          </reporter-output>
        </test-method> <!-- tearDown -->
        <test-method is-config="true" signature="tearDown()[pri:0, instance:com.starquick.test.starquickaddcartjourney@47af7f3d]" started-at="2024-09-12T15:17:52 IST" name="tearDown" finished-at="2024-09-12T15:17:52 IST" duration-ms="204" status="PASS">
          <reporter-output>
          </reporter-output>
        </test-method> <!-- tearDown -->
        <test-method is-config="true" signature="tearDown()[pri:0, instance:com.starquick.test.starquickaddcartjourney@47af7f3d]" started-at="2024-09-12T15:18:00 IST" name="tearDown" finished-at="2024-09-12T15:18:01 IST" duration-ms="1180" status="PASS">
          <reporter-output>
          </reporter-output>
        </test-method> <!-- tearDown -->
        <test-method is-config="true" signature="tearDown()[pri:0, instance:com.starquick.test.starquickaddcartjourney@47af7f3d]" started-at="2024-09-12T15:18:01 IST" name="tearDown" finished-at="2024-09-12T15:18:02 IST" duration-ms="1167" status="PASS">
          <reporter-output>
          </reporter-output>
        </test-method> <!-- tearDown -->
      </class> <!-- com.starquick.test.starquickaddcartjourney -->
    </test> <!-- Product Search Tests -->
  </suite> <!-- Suite -->
</testng-results>
