<?xml version="1.0" encoding="UTF-8"?>
<testsuite xmlns:xsi="http://www.w3.org/2001/XMLSchema-instance" xsi:noNamespaceSchemaLocation="https://maven.apache.org/surefire/maven-surefire-plugin/xsd/surefire-test-report-3.0.xsd" version="3.0" name="TestSuite" time="89.03" tests="26" errors="0" skipped="18" failures="1">
  <properties>
[...]
</properties>
  <testcase name="loginlogout[{fname=amuthan, password=YWRtaW4xMjM=, browser=Chrome, testname=loginlogout, execute=yes, username=Admin}](2)" classname="com.starquick.test.OrangeHRMTests" time="11.362">
    <system-err><![CDATA[SLF4J: Failed to load class "org.slf4j.impl.StaticLoggerBinder".
SLF4J: Defaulting to no-operation (NOP) logger implementation
SLF4J: See http://www.slf4j.org/codes.html#StaticLoggerBinder for further details.
ERROR StatusLogger Log4j2 could not find a logging implementation. Please add log4j-core to the classpath. Using SimpleLogger to log to the console...
May 25, 2024 3:32:58 PM org.openqa.selenium.remote.tracing.opentelemetry.OpenTelemetryTracer createTracer
INFO: Using OpenTelemetry for tracing
]]></system-err>
  </testcase>
  <testcase name="loginlogout[{fname=testing Neosoft Technology, password=YWRtaW4xMjM=, browser=Chrome, testname=loginlogout, execute=yes, username=Admin}](2)" classname="com.starquick.test.OrangeHRMTests" time="13.299"/>
  <testcase name="loginlogout[{fname=Web Werks, password=YWRtaW4xMjM=, browser=Firefox, testname=loginlogout, execute=yes, username=Admin}](4)" classname="com.starquick.test.OrangeHRMTests" time="12.378"/>
  <testcase name="loginlogout[{fname=Meetings, password=YWRtaW4xMjM=, browser=Firefox, testname=loginlogout, execute=yes, username=Admin}](4)" classname="com.starquick.test.OrangeHRMTests" time="13.189"/>
  <testcase name="loginlogout[{fname=amuthan, password=YWRtaW4xMjM=, browser=Chrome, testname=loginlogout, execute=yes, username=Admin}](5)" classname="com.starquick.test.OrangeHRMTests" time="18.141"/>
  <testcase name="loginlogout[{fname=Faraz, password=YWRtaW4xMjM=, browser=Firefox, testname=loginlogout, execute=yes, username=Admin}](6)" classname="com.starquick.test.OrangeHRMTests" time="18.713"/>
  <testcase name="setUp[[Ljava.lang.Object;@235af538](0)" classname="com.starquick.test.OrangeHRMTests" time="19.817">
    <failure message="Could not start a new session. Response code 500. Message: New session attempts retry count exceeded &#10;Host info: host: &apos;DESKTOP-CG41JSG&apos;, ip: &apos;192.168.0.102&apos;&#10;Build info: version: &apos;4.20.0&apos;, revision: &apos;866c76ca80&apos;&#10;System info: os.name: &apos;Windows 10&apos;, os.arch: &apos;amd64&apos;, os.version: &apos;10.0&apos;, java.version: &apos;17.0.10&apos;&#10;Driver info: org.openqa.selenium.remote.RemoteWebDriver&#10;Command: [null, newSession {capabilities=[Capabilities {acceptInsecureCerts: true, browserName: firefox, moz:debuggerAddress: true, moz:firefoxOptions: {}, selenoid:options: {enableVNC: true, enableVideo: true, env: [TZ=UTC], labels: {manual: false}, name: Selenoid FireFox, sessionTimeout: 15m}}]}]&#10;Capabilities {acceptInsecureCerts: true, browserName: firefox, moz:debuggerAddress: true, moz:firefoxOptions: {}, selenoid:options: {enableVNC: true, enableVideo: true, env: [TZ=UTC], labels: {manual: false}, name: Selenoid FireFox, sessionTimeout: 15m}}" type="org.openqa.selenium.SessionNotCreatedException"><![CDATA[org.openqa.selenium.SessionNotCreatedException: 
Could not start a new session. Response code 500. Message: New session attempts retry count exceeded 
Host info: host: 'DESKTOP-CG41JSG', ip: '192.168.0.102'
Build info: version: '4.20.0', revision: '866c76ca80'
System info: os.name: 'Windows 10', os.arch: 'amd64', os.version: '10.0', java.version: '17.0.10'
Driver info: org.openqa.selenium.remote.RemoteWebDriver
Command: [null, newSession {capabilities=[Capabilities {acceptInsecureCerts: true, browserName: firefox, moz:debuggerAddress: true, moz:firefoxOptions: {}, selenoid:options: {enableVNC: true, enableVideo: true, env: [TZ=UTC], labels: {manual: false}, name: Selenoid FireFox, sessionTimeout: 15m}}]}]
Capabilities {acceptInsecureCerts: true, browserName: firefox, moz:debuggerAddress: true, moz:firefoxOptions: {}, selenoid:options: {enableVNC: true, enableVideo: true, env: [TZ=UTC], labels: {manual: false}, name: Selenoid FireFox, sessionTimeout: 15m}}
]]></failure>
  </testcase>
  <testcase name="loginlogout[{fname=Faraz, password=YWRtaW4xMjM=, browser=Firefox, testname=loginlogout, execute=yes, username=Admin}](8)" classname="com.starquick.test.OrangeHRMTests" time="0">
    <skipped message="Could not start a new session. Response code 500. Message: New session attempts retry count exceeded &#10;Host info: host: &apos;DESKTOP-CG41JSG&apos;, ip: &apos;192.168.0.102&apos;&#10;Build info: version: &apos;4.20.0&apos;, revision: &apos;866c76ca80&apos;&#10;System info: os.name: &apos;Windows 10&apos;, os.arch: &apos;amd64&apos;, os.version: &apos;10.0&apos;, java.version: &apos;17.0.10&apos;&#10;Driver info: org.openqa.selenium.remote.RemoteWebDriver&#10;Command: [null, newSession {capabilities=[Capabilities {acceptInsecureCerts: true, browserName: firefox, moz:debuggerAddress: true, moz:firefoxOptions: {}, selenoid:options: {enableVNC: true, enableVideo: true, env: [TZ=UTC], labels: {manual: false}, name: Selenoid FireFox, sessionTimeout: 15m}}]}]&#10;Capabilities {acceptInsecureCerts: true, browserName: firefox, moz:debuggerAddress: true, moz:firefoxOptions: {}, selenoid:options: {enableVNC: true, enableVideo: true, env: [TZ=UTC], labels: {manual: false}, name: Selenoid FireFox, sessionTimeout: 15m}}"/>
  </testcase>
  <testcase name="setUp" classname="com.starquick.test.OrangeHRMTests" time="0">
    <skipped/>
  </testcase>
  <testcase name="setUp" classname="com.starquick.test.OrangeHRMTests" time="0">
    <skipped/>
  </testcase>
  <testcase name="setUp" classname="com.starquick.test.OrangeHRMTests" time="0">
    <skipped/>
  </testcase>
  <testcase name="setUp" classname="com.starquick.test.OrangeHRMTests" time="0">
    <skipped/>
  </testcase>
  <testcase name="setUp" classname="com.starquick.test.OrangeHRMTests" time="0">
    <skipped/>
  </testcase>
  <testcase name="setUp" classname="com.starquick.test.OrangeHRMTests" time="0">
    <skipped/>
  </testcase>
  <testcase name="setUp" classname="com.starquick.test.OrangeHRMTests" time="0">
    <skipped/>
  </testcase>
  <testcase name="loginlogout[{fname=Faraz, password=YWRtaW4xMjM=, browser=Firefox, testname=loginlogout, execute=yes, username=Admin}](9)" classname="com.starquick.test.OrangeHRMTests" time="0">
    <skipped message="Could not start a new session. Response code 500. Message: New session attempts retry count exceeded &#10;Host info: host: &apos;DESKTOP-CG41JSG&apos;, ip: &apos;192.168.0.102&apos;&#10;Build info: version: &apos;4.20.0&apos;, revision: &apos;866c76ca80&apos;&#10;System info: os.name: &apos;Windows 10&apos;, os.arch: &apos;amd64&apos;, os.version: &apos;10.0&apos;, java.version: &apos;17.0.10&apos;&#10;Driver info: org.openqa.selenium.remote.RemoteWebDriver&#10;Command: [null, newSession {capabilities=[Capabilities {acceptInsecureCerts: true, browserName: firefox, moz:debuggerAddress: true, moz:firefoxOptions: {}, selenoid:options: {enableVNC: true, enableVideo: true, env: [TZ=UTC], labels: {manual: false}, name: Selenoid FireFox, sessionTimeout: 15m}}]}]&#10;Capabilities {acceptInsecureCerts: true, browserName: firefox, moz:debuggerAddress: true, moz:firefoxOptions: {}, selenoid:options: {enableVNC: true, enableVideo: true, env: [TZ=UTC], labels: {manual: false}, name: Selenoid FireFox, sessionTimeout: 15m}}"/>
  </testcase>
  <testcase name="loginlogout[{fname=amuthan, password=YWRtaW4xMjM=, browser=Chrome, testname=loginlogout, execute=yes, username=Admin}](10)" classname="com.starquick.test.OrangeHRMTests" time="0">
    <skipped message="Could not start a new session. Response code 500. Message: New session attempts retry count exceeded &#10;Host info: host: &apos;DESKTOP-CG41JSG&apos;, ip: &apos;192.168.0.102&apos;&#10;Build info: version: &apos;4.20.0&apos;, revision: &apos;866c76ca80&apos;&#10;System info: os.name: &apos;Windows 10&apos;, os.arch: &apos;amd64&apos;, os.version: &apos;10.0&apos;, java.version: &apos;17.0.10&apos;&#10;Driver info: org.openqa.selenium.remote.RemoteWebDriver&#10;Command: [null, newSession {capabilities=[Capabilities {acceptInsecureCerts: true, browserName: firefox, moz:debuggerAddress: true, moz:firefoxOptions: {}, selenoid:options: {enableVNC: true, enableVideo: true, env: [TZ=UTC], labels: {manual: false}, name: Selenoid FireFox, sessionTimeout: 15m}}]}]&#10;Capabilities {acceptInsecureCerts: true, browserName: firefox, moz:debuggerAddress: true, moz:firefoxOptions: {}, selenoid:options: {enableVNC: true, enableVideo: true, env: [TZ=UTC], labels: {manual: false}, name: Selenoid FireFox, sessionTimeout: 15m}}"/>
  </testcase>
  <testcase name="loginlogout[{fname=amuthan, password=YWRtaW4xMjM=, browser=Chrome, testname=loginlogout, execute=yes, username=Admin}](11)" classname="com.starquick.test.OrangeHRMTests" time="0">
    <skipped message="Could not start a new session. Response code 500. Message: New session attempts retry count exceeded &#10;Host info: host: &apos;DESKTOP-CG41JSG&apos;, ip: &apos;192.168.0.102&apos;&#10;Build info: version: &apos;4.20.0&apos;, revision: &apos;866c76ca80&apos;&#10;System info: os.name: &apos;Windows 10&apos;, os.arch: &apos;amd64&apos;, os.version: &apos;10.0&apos;, java.version: &apos;17.0.10&apos;&#10;Driver info: org.openqa.selenium.remote.RemoteWebDriver&#10;Command: [null, newSession {capabilities=[Capabilities {acceptInsecureCerts: true, browserName: firefox, moz:debuggerAddress: true, moz:firefoxOptions: {}, selenoid:options: {enableVNC: true, enableVideo: true, env: [TZ=UTC], labels: {manual: false}, name: Selenoid FireFox, sessionTimeout: 15m}}]}]&#10;Capabilities {acceptInsecureCerts: true, browserName: firefox, moz:debuggerAddress: true, moz:firefoxOptions: {}, selenoid:options: {enableVNC: true, enableVideo: true, env: [TZ=UTC], labels: {manual: false}, name: Selenoid FireFox, sessionTimeout: 15m}}"/>
  </testcase>
  <testcase name="loginlogout[{fname=Faraz, password=YWRtaW4xMjM=, browser=Firefox, testname=loginlogout, execute=yes, username=Admin}](12)" classname="com.starquick.test.OrangeHRMTests" time="0">
    <skipped message="Could not start a new session. Response code 500. Message: New session attempts retry count exceeded &#10;Host info: host: &apos;DESKTOP-CG41JSG&apos;, ip: &apos;192.168.0.102&apos;&#10;Build info: version: &apos;4.20.0&apos;, revision: &apos;866c76ca80&apos;&#10;System info: os.name: &apos;Windows 10&apos;, os.arch: &apos;amd64&apos;, os.version: &apos;10.0&apos;, java.version: &apos;17.0.10&apos;&#10;Driver info: org.openqa.selenium.remote.RemoteWebDriver&#10;Command: [null, newSession {capabilities=[Capabilities {acceptInsecureCerts: true, browserName: firefox, moz:debuggerAddress: true, moz:firefoxOptions: {}, selenoid:options: {enableVNC: true, enableVideo: true, env: [TZ=UTC], labels: {manual: false}, name: Selenoid FireFox, sessionTimeout: 15m}}]}]&#10;Capabilities {acceptInsecureCerts: true, browserName: firefox, moz:debuggerAddress: true, moz:firefoxOptions: {}, selenoid:options: {enableVNC: true, enableVideo: true, env: [TZ=UTC], labels: {manual: false}, name: Selenoid FireFox, sessionTimeout: 15m}}"/>
  </testcase>
  <testcase name="loginlogout[{fname=Faraz, password=YWRtaW4xMjM=, browser=Firefox, testname=loginlogout, execute=yes, username=Admin}](13)" classname="com.starquick.test.OrangeHRMTests" time="0">
    <skipped message="Could not start a new session. Response code 500. Message: New session attempts retry count exceeded &#10;Host info: host: &apos;DESKTOP-CG41JSG&apos;, ip: &apos;192.168.0.102&apos;&#10;Build info: version: &apos;4.20.0&apos;, revision: &apos;866c76ca80&apos;&#10;System info: os.name: &apos;Windows 10&apos;, os.arch: &apos;amd64&apos;, os.version: &apos;10.0&apos;, java.version: &apos;17.0.10&apos;&#10;Driver info: org.openqa.selenium.remote.RemoteWebDriver&#10;Command: [null, newSession {capabilities=[Capabilities {acceptInsecureCerts: true, browserName: firefox, moz:debuggerAddress: true, moz:firefoxOptions: {}, selenoid:options: {enableVNC: true, enableVideo: true, env: [TZ=UTC], labels: {manual: false}, name: Selenoid FireFox, sessionTimeout: 15m}}]}]&#10;Capabilities {acceptInsecureCerts: true, browserName: firefox, moz:debuggerAddress: true, moz:firefoxOptions: {}, selenoid:options: {enableVNC: true, enableVideo: true, env: [TZ=UTC], labels: {manual: false}, name: Selenoid FireFox, sessionTimeout: 15m}}"/>
  </testcase>
  <testcase name="loginlogout[{fname=Faraz, password=YWRtaW4xMjM=, browser=Firefox, testname=loginlogout, execute=yes, username=Admin}](14)" classname="com.starquick.test.OrangeHRMTests" time="0">
    <skipped message="Could not start a new session. Response code 500. Message: New session attempts retry count exceeded &#10;Host info: host: &apos;DESKTOP-CG41JSG&apos;, ip: &apos;192.168.0.102&apos;&#10;Build info: version: &apos;4.20.0&apos;, revision: &apos;866c76ca80&apos;&#10;System info: os.name: &apos;Windows 10&apos;, os.arch: &apos;amd64&apos;, os.version: &apos;10.0&apos;, java.version: &apos;17.0.10&apos;&#10;Driver info: org.openqa.selenium.remote.RemoteWebDriver&#10;Command: [null, newSession {capabilities=[Capabilities {acceptInsecureCerts: true, browserName: firefox, moz:debuggerAddress: true, moz:firefoxOptions: {}, selenoid:options: {enableVNC: true, enableVideo: true, env: [TZ=UTC], labels: {manual: false}, name: Selenoid FireFox, sessionTimeout: 15m}}]}]&#10;Capabilities {acceptInsecureCerts: true, browserName: firefox, moz:debuggerAddress: true, moz:firefoxOptions: {}, selenoid:options: {enableVNC: true, enableVideo: true, env: [TZ=UTC], labels: {manual: false}, name: Selenoid FireFox, sessionTimeout: 15m}}"/>
  </testcase>
  <testcase name="loginlogout[{fname=amuthan, password=YWRtaW4xMjM=, browser=Chrome, testname=loginlogout, execute=yes, username=Admin}](15)" classname="com.starquick.test.OrangeHRMTests" time="0">
    <skipped message="Could not start a new session. Response code 500. Message: New session attempts retry count exceeded &#10;Host info: host: &apos;DESKTOP-CG41JSG&apos;, ip: &apos;192.168.0.102&apos;&#10;Build info: version: &apos;4.20.0&apos;, revision: &apos;866c76ca80&apos;&#10;System info: os.name: &apos;Windows 10&apos;, os.arch: &apos;amd64&apos;, os.version: &apos;10.0&apos;, java.version: &apos;17.0.10&apos;&#10;Driver info: org.openqa.selenium.remote.RemoteWebDriver&#10;Command: [null, newSession {capabilities=[Capabilities {acceptInsecureCerts: true, browserName: firefox, moz:debuggerAddress: true, moz:firefoxOptions: {}, selenoid:options: {enableVNC: true, enableVideo: true, env: [TZ=UTC], labels: {manual: false}, name: Selenoid FireFox, sessionTimeout: 15m}}]}]&#10;Capabilities {acceptInsecureCerts: true, browserName: firefox, moz:debuggerAddress: true, moz:firefoxOptions: {}, selenoid:options: {enableVNC: true, enableVideo: true, env: [TZ=UTC], labels: {manual: false}, name: Selenoid FireFox, sessionTimeout: 15m}}"/>
  </testcase>
  <testcase name="loginlogout[{fname=Faraz, password=YWRtaW4xMjM=, browser=Firefox, testname=loginlogout, execute=yes, username=Admin}](15)" classname="com.starquick.test.OrangeHRMTests" time="0.341"/>
  <testcase name="loginlogout[{fname=amuthan, password=YWRtaW4xMjM=, browser=Chrome, testname=loginlogout, execute=yes, username=Admin}](16)" classname="com.starquick.test.OrangeHRMTests" time="0">
    <skipped message="Could not start a new session. Response code 500. Message: New session attempts retry count exceeded &#10;Host info: host: &apos;DESKTOP-CG41JSG&apos;, ip: &apos;192.168.0.102&apos;&#10;Build info: version: &apos;4.20.0&apos;, revision: &apos;866c76ca80&apos;&#10;System info: os.name: &apos;Windows 10&apos;, os.arch: &apos;amd64&apos;, os.version: &apos;10.0&apos;, java.version: &apos;17.0.10&apos;&#10;Driver info: org.openqa.selenium.remote.RemoteWebDriver&#10;Command: [null, newSession {capabilities=[Capabilities {acceptInsecureCerts: true, browserName: firefox, moz:debuggerAddress: true, moz:firefoxOptions: {}, selenoid:options: {enableVNC: true, enableVideo: true, env: [TZ=UTC], labels: {manual: false}, name: Selenoid FireFox, sessionTimeout: 15m}}]}]&#10;Capabilities {acceptInsecureCerts: true, browserName: firefox, moz:debuggerAddress: true, moz:firefoxOptions: {}, selenoid:options: {enableVNC: true, enableVideo: true, env: [TZ=UTC], labels: {manual: false}, name: Selenoid FireFox, sessionTimeout: 15m}}"/>
  </testcase>
  <testcase name="loginlogout[{fname=Faraz, password=YWRtaW4xMjM=, browser=Firefox, testname=loginlogout, execute=yes, username=Admin}](17)" classname="com.starquick.test.OrangeHRMTests" time="0">
    <skipped message="Could not start a new session. Response code 500. Message: New session attempts retry count exceeded &#10;Host info: host: &apos;DESKTOP-CG41JSG&apos;, ip: &apos;192.168.0.102&apos;&#10;Build info: version: &apos;4.20.0&apos;, revision: &apos;866c76ca80&apos;&#10;System info: os.name: &apos;Windows 10&apos;, os.arch: &apos;amd64&apos;, os.version: &apos;10.0&apos;, java.version: &apos;17.0.10&apos;&#10;Driver info: org.openqa.selenium.remote.RemoteWebDriver&#10;Command: [null, newSession {capabilities=[Capabilities {acceptInsecureCerts: true, browserName: firefox, moz:debuggerAddress: true, moz:firefoxOptions: {}, selenoid:options: {enableVNC: true, enableVideo: true, env: [TZ=UTC], labels: {manual: false}, name: Selenoid FireFox, sessionTimeout: 15m}}]}]&#10;Capabilities {acceptInsecureCerts: true, browserName: firefox, moz:debuggerAddress: true, moz:firefoxOptions: {}, selenoid:options: {enableVNC: true, enableVideo: true, env: [TZ=UTC], labels: {manual: false}, name: Selenoid FireFox, sessionTimeout: 15m}}"/>
  </testcase>
  <testcase name="loginlogout[{fname=Faraz, password=YWRtaW4xMjM=, browser=Firefox, testname=loginlogout, execute=yes, username=Admin}](18)" classname="com.starquick.test.OrangeHRMTests" time="0">
    <skipped message="Could not start a new session. Response code 500. Message: New session attempts retry count exceeded &#10;Host info: host: &apos;DESKTOP-CG41JSG&apos;, ip: &apos;192.168.0.102&apos;&#10;Build info: version: &apos;4.20.0&apos;, revision: &apos;866c76ca80&apos;&#10;System info: os.name: &apos;Windows 10&apos;, os.arch: &apos;amd64&apos;, os.version: &apos;10.0&apos;, java.version: &apos;17.0.10&apos;&#10;Driver info: org.openqa.selenium.remote.RemoteWebDriver&#10;Command: [null, newSession {capabilities=[Capabilities {acceptInsecureCerts: true, browserName: firefox, moz:debuggerAddress: true, moz:firefoxOptions: {}, selenoid:options: {enableVNC: true, enableVideo: true, env: [TZ=UTC], labels: {manual: false}, name: Selenoid FireFox, sessionTimeout: 15m}}]}]&#10;Capabilities {acceptInsecureCerts: true, browserName: firefox, moz:debuggerAddress: true, moz:firefoxOptions: {}, selenoid:options: {enableVNC: true, enableVideo: true, env: [TZ=UTC], labels: {manual: false}, name: Selenoid FireFox, sessionTimeout: 15m}}"/>
  </testcase>
</testsuite>